
=== Mon Oct  5 14:17:33 2020

Packages were changed.
Update Mode: mergeDefaultDependencies

The following packages were added:
  com.unity.package-manager-ui@2.2.0
  com.unity.ext.nunit@1.0.0
  com.unity.test-framework@1.0.13
  com.unity.ide.vscode@1.1.0
  com.unity.ide.rider@1.1.0
  com.unity.ugui@1.0.0
  com.unity.modules.androidjni@1.0.0
The following packages were updated:
  com.unity.collab-proxy from version 1.2.9 to 1.2.16
  com.unity.textmeshpro from version 2.0.0 to 2.0.1
  com.unity.timeline from version 0.0.0-builtin to 1.1.0

=== Fri Oct 16 19:10:26 2020

Packages were changed.
Update Mode: updateDependencies

The following packages were updated:
  com.unity.ide.rider from version 1.1.0 to 1.1.4
  com.unity.ide.vscode from version 1.1.0 to 1.2.1
  com.unity.render-pipelines.core from version 6.9.1 to 7.3.1
  com.unity.render-pipelines.lightweight from version 6.9.1 to 7.3.1
  com.unity.test-framework from version 1.0.13 to 1.1.16
  com.unity.timeline from version 1.1.0 to 1.2.6
  com.unity.xr.openvr.standalone from version 1.0.5 to 2.0.5
The following packages were removed:
  com.unity.package-manager-ui@2.2.0

=== Sun Oct 18 19:01:23 2020

Packages were changed.
Update Mode: updateDependencies

The following packages were added:
  com.unity.ide.visualstudio@2.0.2
The following packages were updated:
  com.unity.collab-proxy from version 1.2.16 to 1.3.9
  com.unity.ide.rider from version 1.1.4 to 1.2.1
  com.unity.ide.vscode from version 1.2.1 to 1.2.2
  com.unity.render-pipelines.core from version 7.3.1 to 8.2.0
  com.unity.render-pipelines.lightweight from version 7.3.1 to 8.2.0
  com.unity.textmeshpro from version 2.0.1 to 3.0.1
The following packages were removed:
  com.ptc.vuforia.engine@8.5.9
  com.unity.xr.openvr.standalone@2.0.5
